<?xml version="1.0" encoding="UTF-8"?>
<testng-results ignored="0" total="1" passed="1" failed="0" skipped="0">
  <reporter-output>
  </reporter-output>
  <suite started-at="2024-12-01T22:35:32 SGT" name="Default suite" finished-at="2024-12-01T22:35:49 SGT" duration-ms="16970">
    <groups>
    </groups>
    <test started-at="2024-12-01T22:35:32 SGT" name="Default test" finished-at="2024-12-01T22:35:49 SGT" duration-ms="16970">
      <class name="Tests.TodoTests">
        <test-method is-config="true" signature="setUp()[pri:0, instance:Tests.TodoTests@6cc558c6]" started-at="2024-12-01T22:35:32 SGT" name="setUp" finished-at="2024-12-01T22:35:35 SGT" duration-ms="2725" status="PASS">
          <reporter-output>
          </reporter-output>
        </test-method> <!-- setUp -->
        <test-method signature="testEditTodo()[pri:1, instance:Tests.TodoTests@6cc558c6]" started-at="2024-12-01T22:35:35 SGT" name="testEditTodo" finished-at="2024-12-01T22:35:48 SGT" duration-ms="13193" status="PASS">
          <reporter-output>
          </reporter-output>
        </test-method> <!-- testEditTodo -->
        <test-method is-config="true" signature="tearDown()[pri:0, instance:Tests.TodoTests@6cc558c6]" started-at="2024-12-01T22:35:48 SGT" name="tearDown" finished-at="2024-12-01T22:35:49 SGT" duration-ms="1008" status="PASS">
          <reporter-output>
          </reporter-output>
        </test-method> <!-- tearDown -->
      </class> <!-- Tests.TodoTests -->
    </test> <!-- Default test -->
  </suite> <!-- Default suite -->
</testng-results>
