<?xml version="1.0" encoding="UTF-8"?>
<!-- Generated by org.testng.reporters.JUnitXMLReporter -->
<testsuite ignored="0" hostname="SARANYA-PRASANNA" failures="0" tests="7" name="Default test" time="93.478" errors="0" timestamp="2024-12-01T23:25:33 SGT">
  <testcase classname="Tests.TodoTests" name="testEditTodo" time="13.104"/>
  <testcase classname="Tests.TodoTests" name="testAddTodo" time="5.63"/>
  <testcase classname="Tests.TodoTests" name="testMarkTodoCompleted" time="6.008"/>
  <testcase classname="Tests.TodoTests" name="testDeleteTodo" time="5.644"/>
  <testcase classname="Tests.TodoTests" name="testEmptyTodoTest" time="0.234"/>
  <testcase classname="Tests.TodoTests" name="testVerifyClearCompleted" time="31.796"/>
  <testcase classname="Tests.TodoTests" name="testFilterTodos" time="26.853"/>
</testsuite> <!-- Default test -->
