<?xml version="1.0" encoding="UTF-8"?>
<!-- Generated by org.testng.reporters.JUnitXMLReporter -->
<testsuite ignored="6" hostname="SARANYA-PRASANNA" failures="0" tests="1" name="Default test" time="16.97" errors="0" timestamp="2024-12-01T22:35:49 SGT">
  <testcase classname="Tests.TodoTests" name="testEditTodo" time="13.193"/>
  <testcase classname="Tests.TodoTests" name="testFilterTodos" time="0.0">
    <ignored/>
  </testcase> <!-- testFilterTodos -->
  <testcase classname="Tests.TodoTests" name="testVerifyClearCompleted" time="0.0">
    <ignored/>
  </testcase> <!-- testVerifyClearCompleted -->
  <testcase classname="Tests.TodoTests" name="testAddTodo" time="0.0">
    <ignored/>
  </testcase> <!-- testAddTodo -->
  <testcase classname="Tests.TodoTests" name="testDeleteTodo" time="0.0">
    <ignored/>
  </testcase> <!-- testDeleteTodo -->
  <testcase classname="Tests.TodoTests" name="testEmptyTodoTest" time="0.0">
    <ignored/>
  </testcase> <!-- testEmptyTodoTest -->
  <testcase classname="Tests.TodoTests" name="testMarkTodoCompleted" time="0.0">
    <ignored/>
  </testcase> <!-- testMarkTodoCompleted -->
</testsuite> <!-- Default test -->
